import pandas as pd
import numpy as np
import chardet
np.random.seed(0)
 before = "This is the euro symbol: €"
type(before)
after = before.encode("utf-8", errors = "replace")
type(after)
after
b'This is the euro symbol: \xe2\x82\xac'
 print(after.decode("utf-8"))
This is the euro symbol: €
 print(after.decode("ascii"))
UnicodeDecodeError                        
<ipython-input-6-6329eab61c32> in <module>()
     ----> 2 print(after.decode("ascii"))
UnicodeDecodeError: 'ascii' codec can't decode byte 0xe2 in position 25: ordinal not in range(128)
 before = "This is the euro symbol: €"
after = before.encode("ascii", errors = "replace")
print(after.decode("ascii"))
This is the euro symbol: ?
 kickstarter_2016 = pd.read_csv("../input/kickstarter-projects/ks-projects-201612.csv")
UnicodeDecodeError                        
pandas/_libs/parsers.pyx in pandas._libs.parsers.TextReader._convert_tokens()
pandas/_libs/parsers.pyx in pandas._libs.parsers.TextReader._convert_with_dtype()
pandas/_libs/parsers.pyx in pandas._libs.parsers.TextReader._string_convert()
pandas/_libs/parsers.pyx in pandas._libs.parsers._string_box_utf8()
UnicodeDecodeError: 'utf-8' codec can't decode byte 0x99 in position 11: invalid start byte
During handling of the above exception, another exception occurred:
UnicodeDecodeError                        
<ipython-input-9-534302da9657> in <module>()
     ----> 2 kickstarter_2016 = pd.read_csv("../input/kickstarter-projects/ks-projects-201612.csv")
in parser_f(filepath_or_buffer, sep, delimiter, header, names, index_col, usecols, squeeze, prefix, mangle_dupe_cols, dtype, engine, converters, true_values, false_values, skipinitialspace, skiprows, nrows, na_values, keep_default_na, na_filter, verbose, skip_blank_lines, parse_dates, infer_datetime_format, keep_date_col, date_parser, dayfirst, iterator, chunksize, compression, thousands, decimal, lineterminator, quotechar, quoting, escapechar, comment, encoding, dialect, tupleize_cols, error_bad_lines, warn_bad_lines, skipfooter, skip_footer, doublequote, delim_whitespace, as_recarray, compact_ints, use_unsigned, low_memory, buffer_lines, memory_map, float_precision)
    707                     skip_blank_lines=skip_blank_lines)
    708 
--> 709         return _read(filepath_or_buffer, kwds)
    710 
    711     parser_f._name_ = name
in _read(filepath_or_buffer, kwds)
    453 
    454     try:
--> 455         data = parser.read(nrows)
    456     finally:
    457         parser.close()
in read(self, nrows)
   1067                 raise ValueError('skipfooter not supported for iteration')
   1068 
-> 1069         ret = self._engine.read(nrows)
   1070 
   1071         if self.options.get('as_recarray'):
in read(self, nrows)
   1837     def read(self, nrows=None):
   1838         try:
-> 1839             data = self._reader.read(nrows)
   1840         except StopIteration:
   1841             if self._first_chunk:
pandas/_libs/parsers.pyx in pandas._libs.parsers.TextReader.read()
pandas/_libs/parsers.pyx in pandas._libs.parsers.TextReader._read_low_memory()
pandas/_libs/parsers.pyx in pandas._libs.parsers.TextReader._read_rows()
pandas/_libs/parsers.pyx in pandas._libs.parsers.TextReader._convert_column_data()
pandas/_libs/parsers.pyx in pandas._libs.parsers.TextReader._convert_tokens()
pandas/_libs/parsers.pyx in pandas._libs.parsers.TextReader._convert_with_dtype()
pandas/_libs/parsers.pyx in pandas._libs.parsers.TextReader._string_convert()
pandas/_libs/parsers.pyx in pandas._libs.parsers._string_box_utf8()
UnicodeDecodeError: 'utf-8' codec can't decode byte 0x99 in position 11: invalid start byte
with open("../input/kickstarter-projects/ks-projects-201801.csv", 'rb') as rawdata:
    result = chardet.detect(rawdata.read(10000))
print(result)
{'encoding': 'Windows-1252', 'confidence': 0.73, 'language': ''}
 kickstarter_2016 = pd.read_csv("../input/kickstarter-projects/ks-projects-201612.csv", encoding='Windows-1252')
 kickstarter_2016.head()
DtypeWarning: Columns (13,14,15) have mixed types. Specify dtype option on import or set low_memory=False.
  interactivity=interactivity, compiler=compiler, result=result)
 police_killings = pd.read_csv("../input/fatal-police-shootings-in-the-us/PoliceKillingsUS.csv")
UnicodeDecodeError                        Traceback (most recent call last)
pandas/_libs/parsers.pyx in pandas._libs.parsers.TextReader._convert_tokens()
pandas/_libs/parsers.pyx in pandas._libs.parsers.TextReader._convert_with_dtype()
pandas/_libs/parsers.pyx in pandas._libs.parsers.TextReader._string_convert()
pandas/_libs/parsers.pyx in pandas._libs.parsers._string_box_utf8()
UnicodeDecodeError: 'utf-8' codec can't decode byte 0x96 in position 2: invalid start byte
During handling of the above exception, another exception occurred:
UnicodeDecodeError                        Traceback (most recent call last)
<ipython-input-12-fa9d489ec0e8> in <module>()
----> 3 police_killings = pd.read_csv("../input/fatal-police-shootings-in-the-us/PoliceKillingsUS.csv")
in parser_f(filepath_or_buffer, sep, delimiter, header, names, index_col, usecols, squeeze, prefix, mangle_dupe_cols, dtype, engine, converters, true_values, false_values, skipinitialspace, skiprows, nrows, na_values, keep_default_na, na_filter, verbose, skip_blank_lines, parse_dates, infer_datetime_format, keep_date_col, date_parser, dayfirst, iterator, chunksize, compression, thousands, decimal, lineterminator, quotechar, quoting, escapechar, comment, encoding, dialect, tupleize_cols, error_bad_lines, warn_bad_lines, skipfooter, skip_footer, doublequote, delim_whitespace, as_recarray, compact_ints, use_unsigned, low_memory, buffer_lines, memory_map, float_precision)
    707                     skip_blank_lines=skip_blank_lines)
    708 
--> 709         return _read(filepath_or_buffer, kwds)
    710 
    711     parser_f._name_ = name
in _read(filepath_or_buffer, kwds)
    453 
    454     try:
--> 455         data = parser.read(nrows)
    456     finally:
    457         parser.close()
in read(self, nrows)
   1067                 raise ValueError('skipfooter not supported for iteration')
   1068 
-> 1069         ret = self._engine.read(nrows)
   1070 
   1071         if self.options.get('as_recarray'):
in read(self, nrows)
   1837     def read(self, nrows=None):
   1838         try:
-> 1839             data = self._reader.read(nrows)
   1840         except StopIteration:
   1841             if self._first_chunk:
pandas/_libs/parsers.pyx in pandas._libs.parsers.TextReader.read()
pandas/_libs/parsers.pyx in pandas._libs.parsers.TextReader._read_low_memory()
pandas/_libs/parsers.pyx in pandas._libs.parsers.TextReader._read_rows()
pandas/_libs/parsers.pyx in pandas._libs.parsers.TextReader._convert_column_data()
pandas/_libs/parsers.pyx in pandas._libs.parsers.TextReader._convert_tokens()
pandas/_libs/parsers.pyx in pandas._libs.parsers.TextReader._convert_with_dtype()
pandas/_libs/parsers.pyx in pandas._libs.parsers.TextReader._string_convert()
pandas/_libs/parsers.pyx in pandas._libs.parsers._string_box_utf8()
UnicodeDecodeError: 'utf-8' codec can't decode byte 0x96 in position 2: invalid start byte
kickstarter_2016.to_csv("ks-projects-201801-utf8.csv")
